Determining if the pthread_create exist failed with the following output:
Change Dir: /home/chus/CLionProjects/Scrabble/cmake-build-debug/CMakeFiles/CMakeTmp

Run Build Command:"/usr/bin/make" "cmTC_86fe8/fast"
make[1]: se entra en el directorio '/home/chus/CLionProjects/Scrabble/cmake-build-debug/CMakeFiles/CMakeTmp'
/usr/bin/make -f CMakeFiles/cmTC_86fe8.dir/build.make CMakeFiles/cmTC_86fe8.dir/build
make[2]: se entra en el directorio '/home/chus/CLionProjects/Scrabble/cmake-build-debug/CMakeFiles/CMakeTmp'
Building C object CMakeFiles/cmTC_86fe8.dir/CheckSymbolExists.c.o
/usr/bin/cc    -o CMakeFiles/cmTC_86fe8.dir/CheckSymbolExists.c.o   -c /home/chus/CLionProjects/Scrabble/cmake-build-debug/CMakeFiles/CMakeTmp/CheckSymbolExists.c
Linking C executable cmTC_86fe8
/home/chus/Documentos/CLion-2018.3.4/bin/cmake/linux/bin/cmake -E cmake_link_script CMakeFiles/cmTC_86fe8.dir/link.txt --verbose=1
/usr/bin/cc      -rdynamic CMakeFiles/cmTC_86fe8.dir/CheckSymbolExists.c.o  -o cmTC_86fe8 
CMakeFiles/cmTC_86fe8.dir/CheckSymbolExists.c.o: En la función `main':
CheckSymbolExists.c:(.text+0x1b): referencia a `pthread_create' sin definir
collect2: error: ld returned 1 exit status
CMakeFiles/cmTC_86fe8.dir/build.make:86: recipe for target 'cmTC_86fe8' failed
make[2]: *** [cmTC_86fe8] Error 1
make[2]: se sale del directorio '/home/chus/CLionProjects/Scrabble/cmake-build-debug/CMakeFiles/CMakeTmp'
Makefile:121: recipe for target 'cmTC_86fe8/fast' failed
make[1]: *** [cmTC_86fe8/fast] Error 2
make[1]: se sale del directorio '/home/chus/CLionProjects/Scrabble/cmake-build-debug/CMakeFiles/CMakeTmp'

File /home/chus/CLionProjects/Scrabble/cmake-build-debug/CMakeFiles/CMakeTmp/CheckSymbolExists.c:
/* */
#include <pthread.h>

int main(int argc, char** argv)
{
  (void)argv;
#ifndef pthread_create
  return ((int*)(&pthread_create))[argc];
#else
  (void)argc;
  return 0;
#endif
}

